<?xml version="1.0" encoding="UTF-8"?>
<!-- Generated by org.testng.reporters.JUnitReportReporter -->
<testsuite name="testshah.selenium_test" tests="1" time="0.647" ignored="0" failures="0" timestamp="22 May 2019 14:21:39 GMT" skipped="0" hostname="HUAWEI_P20_Pro-b6b127983e.localdomain" errors="0">
  <testcase name="selenium_testing" time="0.647" classname="testshah.selenium_test"/>
</testsuite> <!-- testshah.selenium_test -->
