<?xml version="1.0" encoding="UTF-8"?>
<!-- Generated by org.testng.reporters.JUnitReportReporter -->
<testsuite name="testshah.headless_test" tests="1" time="3.142" ignored="0" failures="0" timestamp="22 May 2019 14:21:39 GMT" skipped="0" hostname="HUAWEI_P20_Pro-b6b127983e.localdomain" errors="0">
  <testcase name="headless_test" time="3.142" classname="testshah.headless_test"/>
</testsuite> <!-- testshah.headless_test -->
